TN:
SF:C:\Users\andor.hegedus\Desktop\laptops-angular\laptops-angular\src\polyfills.ts
FNF:0
FNH:0
LF:0
LH:0
BRF:0
BRH:0
end_of_record
TN:
SF:C:\Users\andor.hegedus\Desktop\laptops-angular\laptops-angular\src\test.ts
FNF:0
FNH:0
DA:13,1
DA:18,1
DA:20,1
LF:3
LH:3
BRF:0
BRH:0
end_of_record
TN:
SF:C:\Users\andor.hegedus\Desktop\laptops-angular\laptops-angular\src\app\app.component.ts
FNF:0
FNH:0
DA:10,1
LF:1
LH:1
BRF:0
BRH:0
end_of_record
TN:
SF:C:\Users\andor.hegedus\Desktop\laptops-angular\laptops-angular\src\app\core\card-mat\card-mat.component.ts
FN:15,(anonymous_0)
FN:17,(anonymous_1)
FNF:2
FNH:2
FNDA:2,(anonymous_0)
FNDA:1,(anonymous_1)
DA:11,1
DA:12,1
DA:13,2
DA:18,1
LF:4
LH:4
BRF:0
BRH:0
end_of_record
TN:
SF:C:\Users\andor.hegedus\Desktop\laptops-angular\laptops-angular\src\app\core\checkbox-group\checkbox-group.component.ts
FN:23,(anonymous_0)
FN:25,(anonymous_1)
FN:27,(anonymous_2)
FN:31,(anonymous_3)
FN:34,(anonymous_4)
FNF:5
FNH:5
FNDA:3,(anonymous_0)
FNDA:3,(anonymous_1)
FNDA:6,(anonymous_2)
FNDA:2,(anonymous_3)
FNDA:4,(anonymous_4)
DA:17,1
DA:18,1
DA:19,1
DA:20,3
DA:23,3
DA:26,3
DA:27,6
DA:32,2
DA:34,2
DA:35,4
DA:36,2
DA:40,2
LF:12
LH:12
BRDA:35,0,0,2
BRDA:35,0,1,2
BRF:2
BRH:2
end_of_record
TN:
SF:C:\Users\andor.hegedus\Desktop\laptops-angular\laptops-angular\src\app\core\image-view\image-view.component.ts
FN:15,(anonymous_0)
FN:20,(anonymous_1)
FN:28,(anonymous_2)
FN:34,(anonymous_3)
FNF:4
FNH:4
FNDA:6,(anonymous_0)
FNDA:2,(anonymous_1)
FNDA:2,(anonymous_2)
FNDA:3,(anonymous_3)
DA:11,1
DA:15,6
DA:16,6
DA:17,6
DA:21,2
DA:22,2
DA:23,1
DA:25,2
DA:29,2
DA:30,2
DA:31,2
DA:35,3
LF:12
LH:12
BRDA:22,0,0,1
BRDA:22,0,1,1
BRF:2
BRH:2
end_of_record
TN:
SF:C:\Users\andor.hegedus\Desktop\laptops-angular\laptops-angular\src\app\core\modal\modal.tokens.ts
FNF:0
FNH:0
DA:4,1
DA:5,1
LF:2
LH:2
BRF:0
BRH:0
end_of_record
TN:
SF:C:\Users\andor.hegedus\Desktop\laptops-angular\laptops-angular\src\app\core\modal\popup\popup.component.ts
FN:14,(anonymous_0)
FN:18,(anonymous_1)
FNF:2
FNH:2
FNDA:1,(anonymous_0)
FNDA:1,(anonymous_1)
DA:11,1
DA:14,1
DA:15,1
LF:3
LH:3
BRF:0
BRH:0
end_of_record
TN:
SF:C:\Users\andor.hegedus\Desktop\laptops-angular\laptops-angular\src\app\core\multi-select-option\dropdown.service.ts
FN:13,(anonymous_0)
FN:15,(anonymous_1)
FN:28,(anonymous_2)
FN:31,(anonymous_3)
FN:40,(anonymous_4)
FN:45,(anonymous_5)
FN:72,(anonymous_6)
FNF:7
FNH:7
FNDA:9,(anonymous_0)
FNDA:2,(anonymous_1)
FNDA:1,(anonymous_2)
FNDA:2,(anonymous_3)
FNDA:2,(anonymous_4)
FNDA:2,(anonymous_5)
FNDA:1,(anonymous_6)
DA:9,1
DA:13,9
DA:16,2
DA:17,2
DA:19,2
DA:24,2
DA:25,2
DA:26,2
DA:28,2
DA:32,2
DA:33,0
DA:36,2
DA:37,2
DA:41,2
DA:42,2
DA:46,2
DA:64,2
DA:73,1
DA:74,1
DA:75,1
LF:20
LH:19
BRDA:32,0,0,0
BRDA:32,0,1,2
BRDA:73,1,0,1
BRDA:73,1,1,0
BRF:4
BRH:2
end_of_record
TN:
SF:C:\Users\andor.hegedus\Desktop\laptops-angular\laptops-angular\src\app\core\multi-select-option\select-option.tokens.ts
FNF:0
FNH:0
DA:5,1
DA:6,1
LF:2
LH:2
BRF:0
BRH:0
end_of_record
TN:
SF:C:\Users\andor.hegedus\Desktop\laptops-angular\laptops-angular\src\app\core\multi-select-option\multi-select\multi-select.component.ts
FN:36,(anonymous_0)
FN:38,(anonymous_1)
FN:39,(anonymous_2)
FN:47,(anonymous_3)
FN:58,(anonymous_4)
FN:67,(anonymous_5)
FN:71,(anonymous_6)
FNF:7
FNH:7
FNDA:6,(anonymous_0)
FNDA:6,(anonymous_1)
FNDA:4,(anonymous_2)
FNDA:1,(anonymous_3)
FNDA:1,(anonymous_4)
FNDA:1,(anonymous_5)
FNDA:6,(anonymous_6)
DA:26,1
DA:27,6
DA:28,1
DA:29,6
DA:31,6
DA:33,6
DA:36,6
DA:39,6
DA:40,4
DA:41,4
DA:43,4
DA:48,1
DA:53,1
DA:55,1
DA:59,1
DA:63,1
DA:67,1
DA:68,1
DA:72,6
LF:19
LH:19
BRDA:41,0,0,2
BRDA:41,0,1,2
BRF:2
BRH:2
end_of_record
TN:
SF:C:\Users\andor.hegedus\Desktop\laptops-angular\laptops-angular\src\app\core\multi-select-option\select-container\select-container.component.ts
FN:14,(anonymous_0)
FN:17,(anonymous_1)
FNF:2
FNH:2
FNDA:1,(anonymous_0)
FNDA:1,(anonymous_1)
DA:11,1
DA:15,1
LF:2
LH:2
BRF:0
BRH:0
end_of_record
TN:
SF:C:\Users\andor.hegedus\Desktop\laptops-angular\laptops-angular\src\app\core\multi-select-option\select-options\select-options.component.ts
FN:20,(anonymous_0)
FN:26,(anonymous_1)
FN:29,(anonymous_2)
FN:30,(anonymous_3)
FN:36,(anonymous_4)
FN:39,(anonymous_5)
FNF:6
FNH:6
FNDA:2,(anonymous_0)
FNDA:2,(anonymous_1)
FNDA:4,(anonymous_2)
FNDA:4,(anonymous_3)
FNDA:1,(anonymous_4)
FNDA:2,(anonymous_5)
DA:14,1
DA:20,2
DA:21,2
DA:22,2
DA:23,2
DA:27,2
DA:30,4
DA:37,1
DA:39,1
DA:40,2
DA:41,1
DA:45,1
LF:12
LH:12
BRDA:40,0,0,1
BRDA:40,0,1,1
BRF:2
BRH:2
end_of_record
TN:
SF:C:\Users\andor.hegedus\Desktop\laptops-angular\laptops-angular\src\app\core\radiobutton-group\radiobutton-group.component.ts
FN:16,(anonymous_0)
FN:18,(anonymous_1)
FNF:2
FNH:2
FNDA:2,(anonymous_0)
FNDA:1,(anonymous_1)
DA:10,1
DA:11,1
DA:12,1
DA:13,1
DA:14,2
DA:19,1
LF:6
LH:6
BRF:0
BRH:0
end_of_record
TN:
SF:C:\Users\andor.hegedus\Desktop\laptops-angular\laptops-angular\src\app\core\range-slider\range-slider.component.ts
FN:32,(anonymous_0)
FN:34,(anonymous_1)
FN:41,(anonymous_2)
FN:51,(anonymous_3)
FN:61,(anonymous_4)
FN:66,(anonymous_5)
FN:76,(anonymous_6)
FNF:7
FNH:7
FNDA:11,(anonymous_0)
FNDA:11,(anonymous_1)
FNDA:7,(anonymous_2)
FNDA:6,(anonymous_3)
FNDA:13,(anonymous_4)
FNDA:13,(anonymous_5)
FNDA:13,(anonymous_6)
DA:20,1
DA:21,1
DA:22,1
DA:23,1
DA:24,1
DA:25,11
DA:26,11
DA:35,11
DA:36,11
DA:37,11
DA:38,11
DA:42,7
DA:43,7
DA:44,7
DA:46,7
DA:48,7
DA:52,6
DA:53,6
DA:54,6
DA:56,6
DA:58,6
DA:62,13
DA:63,13
DA:67,13
DA:68,11
DA:69,11
DA:71,2
DA:72,2
DA:77,13
DA:78,4
DA:79,9
DA:80,4
DA:82,5
LF:33
LH:33
BRDA:67,0,0,11
BRDA:67,0,1,2
BRDA:77,1,0,4
BRDA:77,1,1,9
BRDA:79,2,0,4
BRDA:79,2,1,5
BRF:6
BRH:6
end_of_record
TN:
SF:C:\Users\andor.hegedus\Desktop\laptops-angular\laptops-angular\src\app\core\search-box\search-box.component.ts
FN:13,(anonymous_0)
FN:15,(anonymous_1)
FNF:2
FNH:2
FNDA:2,(anonymous_0)
FNDA:1,(anonymous_1)
DA:9,1
DA:10,1
DA:11,2
DA:16,1
LF:4
LH:4
BRF:0
BRH:0
end_of_record
TN:
SF:C:\Users\andor.hegedus\Desktop\laptops-angular\laptops-angular\src\app\core\select-option-mat\select-option-mat.component.ts
FN:17,(anonymous_0)
FN:19,(anonymous_1)
FNF:2
FNH:2
FNDA:2,(anonymous_0)
FNDA:1,(anonymous_1)
DA:10,1
DA:11,1
DA:12,1
DA:13,2
DA:15,2
DA:20,1
LF:6
LH:6
BRF:0
BRH:0
end_of_record
TN:
SF:C:\Users\andor.hegedus\Desktop\laptops-angular\laptops-angular\src\app\core\services\modal.service.ts
FN:13,(anonymous_0)
FN:15,(anonymous_1)
FN:27,(anonymous_2)
FN:30,(anonymous_3)
FN:47,(anonymous_4)
FNF:5
FNH:5
FNDA:5,(anonymous_0)
FNDA:2,(anonymous_1)
FNDA:1,(anonymous_2)
FNDA:2,(anonymous_3)
FNDA:1,(anonymous_4)
DA:10,1
DA:13,5
DA:16,2
DA:17,2
DA:19,2
DA:24,2
DA:25,2
DA:27,2
DA:31,2
DA:37,2
DA:44,2
DA:48,1
DA:49,1
DA:50,1
LF:14
LH:14
BRDA:48,0,0,1
BRDA:48,0,1,0
BRF:2
BRH:1
end_of_record
TN:
SF:C:\Users\andor.hegedus\Desktop\laptops-angular\laptops-angular\src\app\core\slider\slider.component.ts
FN:3,(anonymous_0)
FN:16,(anonymous_1)
FNF:2
FNH:2
FNDA:2,(anonymous_0)
FNDA:1,(anonymous_1)
DA:9,1
DA:10,2
DA:11,1
DA:12,2
DA:13,2
DA:14,2
DA:17,1
LF:7
LH:7
BRF:0
BRH:0
end_of_record
TN:
SF:C:\Users\andor.hegedus\Desktop\laptops-angular\laptops-angular\src\app\filter-sidebar\filter-sidebar.component.ts
FN:28,(anonymous_0)
FN:37,(anonymous_1)
FN:42,(anonymous_2)
FN:47,(anonymous_3)
FN:52,(anonymous_4)
FN:57,(anonymous_5)
FN:62,(anonymous_6)
FN:67,(anonymous_7)
FNF:8
FNH:8
FNDA:10,(anonymous_0)
FNDA:1,(anonymous_1)
FNDA:1,(anonymous_2)
FNDA:1,(anonymous_3)
FNDA:1,(anonymous_4)
FNDA:1,(anonymous_5)
FNDA:1,(anonymous_6)
FNDA:1,(anonymous_7)
DA:13,1
DA:21,10
DA:22,10
DA:23,10
DA:24,10
DA:25,10
DA:26,10
DA:28,10
DA:29,10
DA:30,10
DA:31,10
DA:32,10
DA:33,10
DA:34,10
DA:38,1
DA:39,1
DA:43,1
DA:44,1
DA:48,1
DA:49,1
DA:53,1
DA:54,1
DA:58,1
DA:59,1
DA:63,1
DA:64,1
DA:68,1
DA:69,1
LF:28
LH:28
BRF:0
BRH:0
end_of_record
TN:
SF:C:\Users\andor.hegedus\Desktop\laptops-angular\laptops-angular\src\app\main-container\main-container.component.ts
FN:21,(anonymous_0)
FN:29,(anonymous_1)
FN:34,(anonymous_2)
FNF:3
FNH:3
FNDA:2,(anonymous_0)
FNDA:2,(anonymous_1)
FNDA:1,(anonymous_2)
DA:17,1
DA:22,2
DA:23,2
DA:24,2
DA:26,2
DA:30,2
DA:31,2
DA:35,1
DA:40,1
LF:9
LH:9
BRF:0
BRH:0
end_of_record
TN:
SF:C:\Users\andor.hegedus\Desktop\laptops-angular\laptops-angular\src\app\root-store\index.ts
FNF:0
FNH:0
LF:0
LH:0
BRF:0
BRH:0
end_of_record
TN:
SF:C:\Users\andor.hegedus\Desktop\laptops-angular\laptops-angular\src\app\root-store\root-state.ts
FNF:0
FNH:0
LF:0
LH:0
BRF:0
BRH:0
end_of_record
TN:
SF:C:\Users\andor.hegedus\Desktop\laptops-angular\laptops-angular\src\app\root-store\root-store.module.ts
FNF:0
FNH:0
DA:21,1
LF:1
LH:1
BRF:0
BRH:0
end_of_record
TN:
SF:C:\Users\andor.hegedus\Desktop\laptops-angular\laptops-angular\src\app\root-store\selectors.ts
FN:8,(anonymous_0)
FN:13,(anonymous_1)
FN:18,(anonymous_2)
FNF:3
FNH:3
FNDA:1,(anonymous_0)
FNDA:1,(anonymous_1)
FNDA:1,(anonymous_2)
DA:6,1
DA:8,1
DA:11,1
DA:13,1
DA:16,1
DA:18,1
LF:6
LH:6
BRF:0
BRH:0
end_of_record
TN:
SF:C:\Users\andor.hegedus\Desktop\laptops-angular\laptops-angular\src\app\root-store\filter-item-store\actions.ts
FNF:0
FNH:0
DA:3,1
DA:8,1
DA:13,1
DA:18,1
DA:23,1
DA:28,1
LF:6
LH:6
BRF:0
BRH:0
end_of_record
TN:
SF:C:\Users\andor.hegedus\Desktop\laptops-angular\laptops-angular\src\app\root-store\filter-item-store\effects.ts
FNF:0
FNH:0
DA:5,1
LF:1
LH:1
BRF:0
BRH:0
end_of_record
TN:
SF:C:\Users\andor.hegedus\Desktop\laptops-angular\laptops-angular\src\app\root-store\filter-item-store\filter-item-store.module.ts
FNF:0
FNH:0
DA:17,1
LF:1
LH:1
BRF:0
BRH:0
end_of_record
TN:
SF:C:\Users\andor.hegedus\Desktop\laptops-angular\laptops-angular\src\app\root-store\filter-item-store\index.ts
FNF:0
FNH:0
LF:0
LH:0
BRF:0
BRH:0
end_of_record
TN:
SF:C:\Users\andor.hegedus\Desktop\laptops-angular\laptops-angular\src\app\root-store\filter-item-store\reducer.ts
FN:8,(anonymous_0)
FN:12,(anonymous_1)
FN:16,(anonymous_2)
FN:20,(anonymous_3)
FN:24,(anonymous_4)
FN:28,(anonymous_5)
FN:34,filterItemReducer
FNF:7
FNH:7
FNDA:1,(anonymous_0)
FNDA:1,(anonymous_1)
FNDA:1,(anonymous_2)
FNDA:1,(anonymous_3)
FNDA:1,(anonymous_4)
FNDA:1,(anonymous_5)
FNDA:7,filterItemReducer
DA:6,1
DA:8,1
DA:12,1
DA:16,1
DA:20,1
DA:24,1
DA:28,1
DA:35,7
LF:8
LH:8
BRF:0
BRH:0
end_of_record
TN:
SF:C:\Users\andor.hegedus\Desktop\laptops-angular\laptops-angular\src\app\root-store\filter-item-store\selectors.ts
FN:5,(anonymous_0)
FN:6,(anonymous_1)
FN:7,(anonymous_2)
FN:8,(anonymous_3)
FN:9,(anonymous_4)
FN:10,(anonymous_5)
FN:48,(anonymous_6)
FNF:7
FNH:7
FNDA:2,(anonymous_0)
FNDA:2,(anonymous_1)
FNDA:2,(anonymous_2)
FNDA:2,(anonymous_3)
FNDA:4,(anonymous_4)
FNDA:2,(anonymous_5)
FNDA:1,(anonymous_6)
DA:5,2
DA:6,2
DA:7,2
DA:8,2
DA:9,4
DA:10,2
DA:12,1
DA:15,1
DA:20,1
DA:25,1
DA:30,1
DA:35,1
DA:40,1
DA:46,1
DA:48,1
LF:15
LH:15
BRF:0
BRH:0
end_of_record
TN:
SF:C:\Users\andor.hegedus\Desktop\laptops-angular\laptops-angular\src\app\root-store\filter-item-store\state.ts
FNF:0
FNH:0
DA:10,1
LF:1
LH:1
BRF:0
BRH:0
end_of_record
TN:
SF:C:\Users\andor.hegedus\Desktop\laptops-angular\laptops-angular\src\app\root-store\filter-store\actions.ts
FNF:0
FNH:0
DA:3,1
DA:8,1
DA:13,1
DA:18,1
DA:23,1
DA:28,1
DA:33,1
LF:7
LH:7
BRF:0
BRH:0
end_of_record
TN:
SF:C:\Users\andor.hegedus\Desktop\laptops-angular\laptops-angular\src\app\root-store\filter-store\filter-store.module.ts
FNF:0
FNH:0
DA:15,1
LF:1
LH:1
BRF:0
BRH:0
end_of_record
TN:
SF:C:\Users\andor.hegedus\Desktop\laptops-angular\laptops-angular\src\app\root-store\filter-store\index.ts
FNF:0
FNH:0
LF:0
LH:0
BRF:0
BRH:0
end_of_record
TN:
SF:C:\Users\andor.hegedus\Desktop\laptops-angular\laptops-angular\src\app\root-store\filter-store\reducer.ts
FN:8,(anonymous_0)
FN:12,(anonymous_1)
FN:16,(anonymous_2)
FN:20,(anonymous_3)
FN:24,(anonymous_4)
FN:28,(anonymous_5)
FN:32,(anonymous_6)
FN:38,filterReducer
FNF:8
FNH:8
FNDA:1,(anonymous_0)
FNDA:1,(anonymous_1)
FNDA:1,(anonymous_2)
FNDA:1,(anonymous_3)
FNDA:1,(anonymous_4)
FNDA:1,(anonymous_5)
FNDA:1,(anonymous_6)
FNDA:8,filterReducer
DA:6,1
DA:8,1
DA:12,1
DA:16,1
DA:20,1
DA:24,1
DA:28,1
DA:32,1
DA:39,8
LF:9
LH:9
BRF:0
BRH:0
end_of_record
TN:
SF:C:\Users\andor.hegedus\Desktop\laptops-angular\laptops-angular\src\app\root-store\filter-store\selectors.ts
FN:9,(anonymous_0)
FNF:1
FNH:1
FNDA:1,(anonymous_0)
DA:5,1
DA:7,1
DA:9,1
LF:3
LH:3
BRF:0
BRH:0
end_of_record
TN:
SF:C:\Users\andor.hegedus\Desktop\laptops-angular\laptops-angular\src\app\root-store\filter-store\state.ts
FNF:0
FNH:0
DA:11,1
LF:1
LH:1
BRF:0
BRH:0
end_of_record
TN:
SF:C:\Users\andor.hegedus\Desktop\laptops-angular\laptops-angular\src\app\root-store\laptop-store\actions.ts
FNF:0
FNH:0
DA:4,1
DA:8,1
DA:12,1
DA:17,1
LF:4
LH:4
BRF:0
BRH:0
end_of_record
TN:
SF:C:\Users\andor.hegedus\Desktop\laptops-angular\laptops-angular\src\app\root-store\laptop-store\effects.ts
FN:41,(anonymous_0)
FN:15,(anonymous_1)
FN:20,(anonymous_2)
FN:22,(anonymous_3)
FN:23,(anonymous_4)
FN:29,(anonymous_5)
FN:32,(anonymous_6)
FN:34,(anonymous_7)
FN:35,(anonymous_8)
FNF:9
FNH:9
FNDA:4,(anonymous_0)
FNDA:4,(anonymous_1)
FNDA:2,(anonymous_2)
FNDA:1,(anonymous_3)
FNDA:1,(anonymous_4)
FNDA:4,(anonymous_5)
FNDA:2,(anonymous_6)
FNDA:1,(anonymous_7)
FNDA:1,(anonymous_8)
DA:14,1
DA:15,4
DA:16,4
DA:21,2
DA:22,1
DA:23,1
DA:29,4
DA:30,4
DA:33,2
DA:34,1
DA:35,1
DA:42,4
DA:43,4
DA:44,4
LF:14
LH:14
BRF:0
BRH:0
end_of_record
TN:
SF:C:\Users\andor.hegedus\Desktop\laptops-angular\laptops-angular\src\app\root-store\laptop-store\index.ts
FNF:0
FNH:0
LF:0
LH:0
BRF:0
BRH:0
end_of_record
TN:
SF:C:\Users\andor.hegedus\Desktop\laptops-angular\laptops-angular\src\app\root-store\laptop-store\laptop-store.module.ts
FNF:0
FNH:0
DA:19,1
LF:1
LH:1
BRF:0
BRH:0
end_of_record
TN:
SF:C:\Users\andor.hegedus\Desktop\laptops-angular\laptops-angular\src\app\root-store\laptop-store\reducer.ts
FN:7,(anonymous_0)
FN:11,(anonymous_1)
FN:17,laptopReducer
FNF:3
FNH:3
FNDA:1,(anonymous_0)
FNDA:1,(anonymous_1)
FNDA:3,laptopReducer
DA:5,1
DA:7,1
DA:11,1
DA:18,3
LF:4
LH:4
BRF:0
BRH:0
end_of_record
TN:
SF:C:\Users\andor.hegedus\Desktop\laptops-angular\laptops-angular\src\app\root-store\laptop-store\selectors.ts
FN:4,(anonymous_0)
FN:5,(anonymous_1)
FNF:2
FNH:2
FNDA:2,(anonymous_0)
FNDA:2,(anonymous_1)
DA:4,2
DA:5,2
DA:7,1
DA:9,1
DA:14,1
LF:5
LH:5
BRF:0
BRH:0
end_of_record
TN:
SF:C:\Users\andor.hegedus\Desktop\laptops-angular\laptops-angular\src\app\root-store\laptop-store\state.ts
FNF:0
FNH:0
DA:8,1
LF:1
LH:1
BRF:0
BRH:0
end_of_record
TN:
SF:C:\Users\andor.hegedus\Desktop\laptops-angular\laptops-angular\src\app\services\laptop.service.ts
FN:11,(anonymous_0)
FN:13,(anonymous_1)
FN:26,(anonymous_2)
FNF:3
FNH:3
FNDA:3,(anonymous_0)
FNDA:1,(anonymous_1)
FNDA:1,(anonymous_2)
DA:8,1
DA:9,3
DA:11,3
DA:14,1
DA:23,1
DA:28,1
DA:29,1
LF:7
LH:7
BRF:0
BRH:0
end_of_record
